<?xml version="1.0" encoding="UTF-8"?>
<!-- Generated by org.testng.reporters.JUnitXMLReporter -->
<testsuite ignored="0" hostname="LAPTOP-ADJS9N2Q" failures="0" tests="3" name="Test" time="37.998" errors="0" timestamp="2022-08-05T14:35:32 IST">
  <testcase classname="com.crm.VtigerLoginPageTest.vtiger_login_propertyfile" name="vtiger_Login_propertyfileTest" time="16.325"/>
  <testcase classname="com.crm.VtigerLoginPageTest.Vtiger_InsertMultipleValueIntoExcelTest" name="vtiger_InsertMultipleVlaueIntoExcelTest" time="6.245"/>
  <testcase classname="com.crm.Vtiger_OrgasnisationModule.Creat_organisaationWithIndustryandTypeTest" name="createOrganisationWithIndustryType" time="15.385"/>
</testsuite> <!-- Test -->
