<?xml version="1.0" encoding="UTF-8"?>
<!-- Generated by org.testng.reporters.JUnitXMLReporter -->
<testsuite ignored="0" hostname="LAPTOP-ADJS9N2Q" failures="1" tests="1" name="TestRunner2" time="12.952" errors="0" timestamp="2022-08-05T15:04:41 IST">
  <testcase classname="com.crm.VtigerLoginPageTest.vtiger_login_propertyfile" name="vtiger_Login_propertyfileTest" time="0.162">
    <failure type="java.lang.NullPointerException" message="Cannot invoke &amp;quot;org.openqa.selenium.WebDriver.manage()&amp;quot; because &amp;quot;driver&amp;quot; is null">
      <![CDATA[java.lang.NullPointerException: Cannot invoke "org.openqa.selenium.WebDriver.manage()" because "driver" is null
at com.crm.comcast.GenericUtilities.WebDriverUtility.maximizeThePage(WebDriverUtility.java:35)
at com.crm.VtigerLoginPageTest.vtiger_login_propertyfile.vtiger_Login_propertyfileTest(vtiger_login_propertyfile.java:70)
at java.base/java.util.ArrayList.forEach(ArrayList.java:1511)
at java.base/java.util.concurrent.FutureTask.run(FutureTask.java:264)
at java.base/java.util.concurrent.ThreadPoolExecutor.runWorker(ThreadPoolExecutor.java:1130)
at java.base/java.util.concurrent.ThreadPoolExecutor$Worker.run(ThreadPoolExecutor.java:630)
at java.base/java.lang.Thread.run(Thread.java:831)
... Removed 18 stack frames]]>
    </failure>
  </testcase> <!-- vtiger_Login_propertyfileTest -->
</testsuite> <!-- TestRunner2 -->
